<?xml version="1.0" encoding="UTF-8"?>
<!-- Generated by org.testng.reporters.JUnitReportReporter -->
<testsuite skipped="0" hostname="DESKTOP-U2SB4I2" name="VootHome" tests="1" failures="0" timestamp="2022-05-26T16:58:45 IST" time="32.865" errors="0">
  <testcase name="homePagevalidation" time="32.865" classname="VootHome"/>
  <system-out/>
</testsuite> <!-- VootHome -->
